<?xml version="1.0" encoding="UTF-8"?>
<testsuite xmlns:xsi="http://www.w3.org/2001/XMLSchema-instance" xsi:noNamespaceSchemaLocation="https://maven.apache.org/surefire/maven-surefire-plugin/xsd/surefire-test-report.xsd" name="ch.heigvd.app.utils.JsonConverterTest" time="0.012" tests="1" errors="0" skipped="0" failures="0">
  <properties>
    <property name="awt.toolkit" value="sun.awt.X11.XToolkit"/>
    <property name="java.specification.version" value="11"/>
    <property name="sun.cpu.isalist" value=""/>
    <property name="sun.jnu.encoding" value="UTF-8"/>
    <property name="java.class.path" value="/home/jdoe/kDrive/SCHOOL/HEIG/BA4/DIL-B/LABOS/PORTFOLIO/projet-bijelic_coke_mbayo_salhi/target/test-classes:/home/jdoe/kDrive/SCHOOL/HEIG/BA4/DIL-B/LABOS/PORTFOLIO/projet-bijelic_coke_mbayo_salhi/target/classes:/home/jdoe/.m2/repository/junit/junit/4.13.2/junit-4.13.2.jar:/home/jdoe/.m2/repository/org/hamcrest/hamcrest-core/1.3/hamcrest-core-1.3.jar:/home/jdoe/.m2/repository/io/javalin/javalin/4.5.0/javalin-4.5.0.jar:/home/jdoe/.m2/repository/org/slf4j/slf4j-api/1.7.36/slf4j-api-1.7.36.jar:/home/jdoe/.m2/repository/org/eclipse/jetty/jetty-server/9.4.46.v20220331/jetty-server-9.4.46.v20220331.jar:/home/jdoe/.m2/repository/javax/servlet/javax.servlet-api/3.1.0/javax.servlet-api-3.1.0.jar:/home/jdoe/.m2/repository/org/eclipse/jetty/jetty-http/9.4.46.v20220331/jetty-http-9.4.46.v20220331.jar:/home/jdoe/.m2/repository/org/eclipse/jetty/jetty-util/9.4.46.v20220331/jetty-util-9.4.46.v20220331.jar:/home/jdoe/.m2/repository/org/eclipse/jetty/jetty-io/9.4.46.v20220331/jetty-io-9.4.46.v20220331.jar:/home/jdoe/.m2/repository/org/eclipse/jetty/jetty-webapp/9.4.46.v20220331/jetty-webapp-9.4.46.v20220331.jar:/home/jdoe/.m2/repository/org/eclipse/jetty/jetty-xml/9.4.46.v20220331/jetty-xml-9.4.46.v20220331.jar:/home/jdoe/.m2/repository/org/eclipse/jetty/jetty-servlet/9.4.46.v20220331/jetty-servlet-9.4.46.v20220331.jar:/home/jdoe/.m2/repository/org/eclipse/jetty/jetty-security/9.4.46.v20220331/jetty-security-9.4.46.v20220331.jar:/home/jdoe/.m2/repository/org/eclipse/jetty/jetty-util-ajax/9.4.46.v20220331/jetty-util-ajax-9.4.46.v20220331.jar:/home/jdoe/.m2/repository/org/eclipse/jetty/websocket/websocket-server/9.4.46.v20220331/websocket-server-9.4.46.v20220331.jar:/home/jdoe/.m2/repository/org/eclipse/jetty/websocket/websocket-common/9.4.46.v20220331/websocket-common-9.4.46.v20220331.jar:/home/jdoe/.m2/repository/org/eclipse/jetty/websocket/websocket-api/9.4.46.v20220331/websocket-api-9.4.46.v20220331.jar:/home/jdoe/.m2/repository/org/eclipse/jetty/websocket/websocket-client/9.4.46.v20220331/websocket-client-9.4.46.v20220331.jar:/home/jdoe/.m2/repository/org/eclipse/jetty/jetty-client/9.4.46.v20220331/jetty-client-9.4.46.v20220331.jar:/home/jdoe/.m2/repository/org/eclipse/jetty/websocket/websocket-servlet/9.4.46.v20220331/websocket-servlet-9.4.46.v20220331.jar:/home/jdoe/.m2/repository/org/jetbrains/kotlin/kotlin-stdlib-jdk8/1.5.32/kotlin-stdlib-jdk8-1.5.32.jar:/home/jdoe/.m2/repository/org/jetbrains/kotlin/kotlin-stdlib/1.5.32/kotlin-stdlib-1.5.32.jar:/home/jdoe/.m2/repository/org/jetbrains/kotlin/kotlin-stdlib-common/1.5.32/kotlin-stdlib-common-1.5.32.jar:/home/jdoe/.m2/repository/org/jetbrains/kotlin/kotlin-stdlib-jdk7/1.5.32/kotlin-stdlib-jdk7-1.5.32.jar:/home/jdoe/.m2/repository/org/thymeleaf/thymeleaf/3.0.12.RELEASE/thymeleaf-3.0.12.RELEASE.jar:/home/jdoe/.m2/repository/ognl/ognl/3.1.26/ognl-3.1.26.jar:/home/jdoe/.m2/repository/org/javassist/javassist/3.20.0-GA/javassist-3.20.0-GA.jar:/home/jdoe/.m2/repository/org/attoparser/attoparser/2.0.5.RELEASE/attoparser-2.0.5.RELEASE.jar:/home/jdoe/.m2/repository/org/unbescape/unbescape/1.1.6.RELEASE/unbescape-1.1.6.RELEASE.jar:/home/jdoe/.m2/repository/org/slf4j/slf4j-simple/1.7.36/slf4j-simple-1.7.36.jar:/home/jdoe/.m2/repository/com/google/code/gson/gson/2.9.0/gson-2.9.0.jar:/home/jdoe/.m2/repository/com/vladsch/flexmark/flexmark-all/0.64.0/flexmark-all-0.64.0.jar:/home/jdoe/.m2/repository/com/vladsch/flexmark/flexmark/0.64.0/flexmark-0.64.0.jar:/home/jdoe/.m2/repository/com/vladsch/flexmark/flexmark-ext-abbreviation/0.64.0/flexmark-ext-abbreviation-0.64.0.jar:/home/jdoe/.m2/repository/com/vladsch/flexmark/flexmark-util/0.64.0/flexmark-util-0.64.0.jar:/home/jdoe/.m2/repository/com/vladsch/flexmark/flexmark-ext-admonition/0.64.0/flexmark-ext-admonition-0.64.0.jar:/home/jdoe/.m2/repository/com/vladsch/flexmark/flexmark-ext-anchorlink/0.64.0/flexmark-ext-anchorlink-0.64.0.jar:/home/jdoe/.m2/repository/com/vladsch/flexmark/flexmark-ext-aside/0.64.0/flexmark-ext-aside-0.64.0.jar:/home/jdoe/.m2/repository/com/vladsch/flexmark/flexmark-ext-attributes/0.64.0/flexmark-ext-attributes-0.64.0.jar:/home/jdoe/.m2/repository/com/vladsch/flexmark/flexmark-ext-autolink/0.64.0/flexmark-ext-autolink-0.64.0.jar:/home/jdoe/.m2/repository/org/nibor/autolink/autolink/0.6.0/autolink-0.6.0.jar:/home/jdoe/.m2/repository/com/vladsch/flexmark/flexmark-ext-definition/0.64.0/flexmark-ext-definition-0.64.0.jar:/home/jdoe/.m2/repository/com/vladsch/flexmark/flexmark-ext-emoji/0.64.0/flexmark-ext-emoji-0.64.0.jar:/home/jdoe/.m2/repository/com/vladsch/flexmark/flexmark-ext-enumerated-reference/0.64.0/flexmark-ext-enumerated-reference-0.64.0.jar:/home/jdoe/.m2/repository/com/vladsch/flexmark/flexmark-ext-escaped-character/0.64.0/flexmark-ext-escaped-character-0.64.0.jar:/home/jdoe/.m2/repository/com/vladsch/flexmark/flexmark-ext-footnotes/0.64.0/flexmark-ext-footnotes-0.64.0.jar:/home/jdoe/.m2/repository/com/vladsch/flexmark/flexmark-ext-gfm-issues/0.64.0/flexmark-ext-gfm-issues-0.64.0.jar:/home/jdoe/.m2/repository/com/vladsch/flexmark/flexmark-ext-gfm-strikethrough/0.64.0/flexmark-ext-gfm-strikethrough-0.64.0.jar:/home/jdoe/.m2/repository/com/vladsch/flexmark/flexmark-ext-gfm-tasklist/0.64.0/flexmark-ext-gfm-tasklist-0.64.0.jar:/home/jdoe/.m2/repository/com/vladsch/flexmark/flexmark-ext-gfm-users/0.64.0/flexmark-ext-gfm-users-0.64.0.jar:/home/jdoe/.m2/repository/com/vladsch/flexmark/flexmark-ext-gitlab/0.64.0/flexmark-ext-gitlab-0.64.0.jar:/home/jdoe/.m2/repository/com/vladsch/flexmark/flexmark-ext-jekyll-front-matter/0.64.0/flexmark-ext-jekyll-front-matter-0.64.0.jar:/home/jdoe/.m2/repository/com/vladsch/flexmark/flexmark-ext-jekyll-tag/0.64.0/flexmark-ext-jekyll-tag-0.64.0.jar:/home/jdoe/.m2/repository/com/vladsch/flexmark/flexmark-ext-media-tags/0.64.0/flexmark-ext-media-tags-0.64.0.jar:/home/jdoe/.m2/repository/com/vladsch/flexmark/flexmark-ext-resizable-image/0.64.0/flexmark-ext-resizable-image-0.64.0.jar:/home/jdoe/.m2/repository/com/vladsch/flexmark/flexmark-ext-macros/0.64.0/flexmark-ext-macros-0.64.0.jar:/home/jdoe/.m2/repository/com/vladsch/flexmark/flexmark-ext-ins/0.64.0/flexmark-ext-ins-0.64.0.jar:/home/jdoe/.m2/repository/com/vladsch/flexmark/flexmark-ext-xwiki-macros/0.64.0/flexmark-ext-xwiki-macros-0.64.0.jar:/home/jdoe/.m2/repository/com/vladsch/flexmark/flexmark-ext-superscript/0.64.0/flexmark-ext-superscript-0.64.0.jar:/home/jdoe/.m2/repository/com/vladsch/flexmark/flexmark-ext-tables/0.64.0/flexmark-ext-tables-0.64.0.jar:/home/jdoe/.m2/repository/com/vladsch/flexmark/flexmark-ext-toc/0.64.0/flexmark-ext-toc-0.64.0.jar:/home/jdoe/.m2/repository/com/vladsch/flexmark/flexmark-ext-typographic/0.64.0/flexmark-ext-typographic-0.64.0.jar:/home/jdoe/.m2/repository/com/vladsch/flexmark/flexmark-ext-wikilink/0.64.0/flexmark-ext-wikilink-0.64.0.jar:/home/jdoe/.m2/repository/com/vladsch/flexmark/flexmark-ext-yaml-front-matter/0.64.0/flexmark-ext-yaml-front-matter-0.64.0.jar:/home/jdoe/.m2/repository/com/vladsch/flexmark/flexmark-ext-youtube-embedded/0.64.0/flexmark-ext-youtube-embedded-0.64.0.jar:/home/jdoe/.m2/repository/com/vladsch/flexmark/flexmark-html2md-converter/0.64.0/flexmark-html2md-converter-0.64.0.jar:/home/jdoe/.m2/repository/org/jsoup/jsoup/1.14.3/jsoup-1.14.3.jar:/home/jdoe/.m2/repository/com/vladsch/flexmark/flexmark-jira-converter/0.64.0/flexmark-jira-converter-0.64.0.jar:/home/jdoe/.m2/repository/com/vladsch/flexmark/flexmark-pdf-converter/0.64.0/flexmark-pdf-converter-0.64.0.jar:/home/jdoe/.m2/repository/com/openhtmltopdf/openhtmltopdf-core/1.0.10/openhtmltopdf-core-1.0.10.jar:/home/jdoe/.m2/repository/com/openhtmltopdf/openhtmltopdf-pdfbox/1.0.10/openhtmltopdf-pdfbox-1.0.10.jar:/home/jdoe/.m2/repository/org/apache/pdfbox/pdfbox/2.0.24/pdfbox-2.0.24.jar:/home/jdoe/.m2/repository/org/apache/pdfbox/fontbox/2.0.24/fontbox-2.0.24.jar:/home/jdoe/.m2/repository/commons-logging/commons-logging/1.2/commons-logging-1.2.jar:/home/jdoe/.m2/repository/org/apache/pdfbox/xmpbox/2.0.24/xmpbox-2.0.24.jar:/home/jdoe/.m2/repository/de/rototor/pdfbox/graphics2d/0.32/graphics2d-0.32.jar:/home/jdoe/.m2/repository/com/openhtmltopdf/openhtmltopdf-rtl-support/1.0.10/openhtmltopdf-rtl-support-1.0.10.jar:/home/jdoe/.m2/repository/com/ibm/icu/icu4j/59.1/icu4j-59.1.jar:/home/jdoe/.m2/repository/com/openhtmltopdf/openhtmltopdf-jsoup-dom-converter/1.0.0/openhtmltopdf-jsoup-dom-converter-1.0.0.jar:/home/jdoe/.m2/repository/com/vladsch/flexmark/flexmark-profile-pegdown/0.64.0/flexmark-profile-pegdown-0.64.0.jar:/home/jdoe/.m2/repository/com/vladsch/flexmark/flexmark-util-ast/0.64.0/flexmark-util-ast-0.64.0.jar:/home/jdoe/.m2/repository/org/jetbrains/annotations/15.0/annotations-15.0.jar:/home/jdoe/.m2/repository/com/vladsch/flexmark/flexmark-util-builder/0.64.0/flexmark-util-builder-0.64.0.jar:/home/jdoe/.m2/repository/com/vladsch/flexmark/flexmark-util-collection/0.64.0/flexmark-util-collection-0.64.0.jar:/home/jdoe/.m2/repository/com/vladsch/flexmark/flexmark-util-data/0.64.0/flexmark-util-data-0.64.0.jar:/home/jdoe/.m2/repository/com/vladsch/flexmark/flexmark-util-dependency/0.64.0/flexmark-util-dependency-0.64.0.jar:/home/jdoe/.m2/repository/com/vladsch/flexmark/flexmark-util-format/0.64.0/flexmark-util-format-0.64.0.jar:/home/jdoe/.m2/repository/com/vladsch/flexmark/flexmark-util-html/0.64.0/flexmark-util-html-0.64.0.jar:/home/jdoe/.m2/repository/com/vladsch/flexmark/flexmark-util-misc/0.64.0/flexmark-util-misc-0.64.0.jar:/home/jdoe/.m2/repository/com/vladsch/flexmark/flexmark-util-options/0.64.0/flexmark-util-options-0.64.0.jar:/home/jdoe/.m2/repository/com/vladsch/flexmark/flexmark-util-sequence/0.64.0/flexmark-util-sequence-0.64.0.jar:/home/jdoe/.m2/repository/com/vladsch/flexmark/flexmark-util-visitor/0.64.0/flexmark-util-visitor-0.64.0.jar:/home/jdoe/.m2/repository/com/vladsch/flexmark/flexmark-youtrack-converter/0.64.0/flexmark-youtrack-converter-0.64.0.jar:/home/jdoe/.m2/repository/info/picocli/picocli/4.6.3/picocli-4.6.3.jar:/home/jdoe/.m2/repository/commons-io/commons-io/2.11.0/commons-io-2.11.0.jar:/home/jdoe/.m2/repository/com/diffplug/spotless/spotless-maven-plugin/2.22.0/spotless-maven-plugin-2.22.0.jar:/home/jdoe/.m2/repository/com/diffplug/spotless/spotless-lib/2.24.0/spotless-lib-2.24.0.jar:/home/jdoe/.m2/repository/com/diffplug/spotless/spotless-lib-extra/2.24.0/spotless-lib-extra-2.24.0.jar:/home/jdoe/.m2/repository/com/googlecode/concurrent-trees/concurrent-trees/2.6.1/concurrent-trees-2.6.1.jar:/home/jdoe/.m2/repository/org/codehaus/groovy/groovy-xml/3.0.9/groovy-xml-3.0.9.jar:/home/jdoe/.m2/repository/org/codehaus/groovy/groovy/3.0.9/groovy-3.0.9.jar:/home/jdoe/.m2/repository/com/diffplug/durian/durian-core/1.2.0/durian-core-1.2.0.jar:/home/jdoe/.m2/repository/com/diffplug/durian/durian-collect/1.2.0/durian-collect-1.2.0.jar:/home/jdoe/.m2/repository/org/codehaus/plexus/plexus-resources/1.2.0/plexus-resources-1.2.0.jar:/home/jdoe/.m2/repository/org/codehaus/plexus/plexus-utils/3.4.1/plexus-utils-3.4.1.jar:/home/jdoe/.m2/repository/javax/inject/javax.inject/1/javax.inject-1.jar:/home/jdoe/.m2/repository/org/eclipse/jgit/org.eclipse.jgit/5.13.0.202109080827-r/org.eclipse.jgit-5.13.0.202109080827-r.jar:/home/jdoe/.m2/repository/com/googlecode/javaewah/JavaEWAH/1.1.12/JavaEWAH-1.1.12.jar:/home/jdoe/.m2/repository/com/github/jknack/handlebars/4.3.0/handlebars-4.3.0.jar:"/>
    <property name="java.vm.vendor" value="Oracle Corporation"/>
    <property name="sun.arch.data.model" value="64"/>
    <property name="java.vendor.url" value="https://openjdk.java.net/"/>
    <property name="user.timezone" value=""/>
    <property name="java.vm.specification.version" value="11"/>
    <property name="os.name" value="Linux"/>
    <property name="sun.java.launcher" value="SUN_STANDARD"/>
    <property name="user.country" value="US"/>
    <property name="sun.boot.library.path" value="/usr/lib/jvm/java-11-openjdk/lib"/>
    <property name="sun.java.command" value="/home/jdoe/kDrive/SCHOOL/HEIG/BA4/DIL-B/LABOS/PORTFOLIO/projet-bijelic_coke_mbayo_salhi/target/surefire/surefirebooter385108804214068943.jar /home/jdoe/kDrive/SCHOOL/HEIG/BA4/DIL-B/LABOS/PORTFOLIO/projet-bijelic_coke_mbayo_salhi/target/surefire 2022-05-21T17-40-20_291-jvmRun1 surefire6842051262095615699tmp surefire_013241882998416374718tmp"/>
    <property name="jdk.debug" value="release"/>
    <property name="surefire.test.class.path" value="/home/jdoe/kDrive/SCHOOL/HEIG/BA4/DIL-B/LABOS/PORTFOLIO/projet-bijelic_coke_mbayo_salhi/target/test-classes:/home/jdoe/kDrive/SCHOOL/HEIG/BA4/DIL-B/LABOS/PORTFOLIO/projet-bijelic_coke_mbayo_salhi/target/classes:/home/jdoe/.m2/repository/junit/junit/4.13.2/junit-4.13.2.jar:/home/jdoe/.m2/repository/org/hamcrest/hamcrest-core/1.3/hamcrest-core-1.3.jar:/home/jdoe/.m2/repository/io/javalin/javalin/4.5.0/javalin-4.5.0.jar:/home/jdoe/.m2/repository/org/slf4j/slf4j-api/1.7.36/slf4j-api-1.7.36.jar:/home/jdoe/.m2/repository/org/eclipse/jetty/jetty-server/9.4.46.v20220331/jetty-server-9.4.46.v20220331.jar:/home/jdoe/.m2/repository/javax/servlet/javax.servlet-api/3.1.0/javax.servlet-api-3.1.0.jar:/home/jdoe/.m2/repository/org/eclipse/jetty/jetty-http/9.4.46.v20220331/jetty-http-9.4.46.v20220331.jar:/home/jdoe/.m2/repository/org/eclipse/jetty/jetty-util/9.4.46.v20220331/jetty-util-9.4.46.v20220331.jar:/home/jdoe/.m2/repository/org/eclipse/jetty/jetty-io/9.4.46.v20220331/jetty-io-9.4.46.v20220331.jar:/home/jdoe/.m2/repository/org/eclipse/jetty/jetty-webapp/9.4.46.v20220331/jetty-webapp-9.4.46.v20220331.jar:/home/jdoe/.m2/repository/org/eclipse/jetty/jetty-xml/9.4.46.v20220331/jetty-xml-9.4.46.v20220331.jar:/home/jdoe/.m2/repository/org/eclipse/jetty/jetty-servlet/9.4.46.v20220331/jetty-servlet-9.4.46.v20220331.jar:/home/jdoe/.m2/repository/org/eclipse/jetty/jetty-security/9.4.46.v20220331/jetty-security-9.4.46.v20220331.jar:/home/jdoe/.m2/repository/org/eclipse/jetty/jetty-util-ajax/9.4.46.v20220331/jetty-util-ajax-9.4.46.v20220331.jar:/home/jdoe/.m2/repository/org/eclipse/jetty/websocket/websocket-server/9.4.46.v20220331/websocket-server-9.4.46.v20220331.jar:/home/jdoe/.m2/repository/org/eclipse/jetty/websocket/websocket-common/9.4.46.v20220331/websocket-common-9.4.46.v20220331.jar:/home/jdoe/.m2/repository/org/eclipse/jetty/websocket/websocket-api/9.4.46.v20220331/websocket-api-9.4.46.v20220331.jar:/home/jdoe/.m2/repository/org/eclipse/jetty/websocket/websocket-client/9.4.46.v20220331/websocket-client-9.4.46.v20220331.jar:/home/jdoe/.m2/repository/org/eclipse/jetty/jetty-client/9.4.46.v20220331/jetty-client-9.4.46.v20220331.jar:/home/jdoe/.m2/repository/org/eclipse/jetty/websocket/websocket-servlet/9.4.46.v20220331/websocket-servlet-9.4.46.v20220331.jar:/home/jdoe/.m2/repository/org/jetbrains/kotlin/kotlin-stdlib-jdk8/1.5.32/kotlin-stdlib-jdk8-1.5.32.jar:/home/jdoe/.m2/repository/org/jetbrains/kotlin/kotlin-stdlib/1.5.32/kotlin-stdlib-1.5.32.jar:/home/jdoe/.m2/repository/org/jetbrains/kotlin/kotlin-stdlib-common/1.5.32/kotlin-stdlib-common-1.5.32.jar:/home/jdoe/.m2/repository/org/jetbrains/kotlin/kotlin-stdlib-jdk7/1.5.32/kotlin-stdlib-jdk7-1.5.32.jar:/home/jdoe/.m2/repository/org/thymeleaf/thymeleaf/3.0.12.RELEASE/thymeleaf-3.0.12.RELEASE.jar:/home/jdoe/.m2/repository/ognl/ognl/3.1.26/ognl-3.1.26.jar:/home/jdoe/.m2/repository/org/javassist/javassist/3.20.0-GA/javassist-3.20.0-GA.jar:/home/jdoe/.m2/repository/org/attoparser/attoparser/2.0.5.RELEASE/attoparser-2.0.5.RELEASE.jar:/home/jdoe/.m2/repository/org/unbescape/unbescape/1.1.6.RELEASE/unbescape-1.1.6.RELEASE.jar:/home/jdoe/.m2/repository/org/slf4j/slf4j-simple/1.7.36/slf4j-simple-1.7.36.jar:/home/jdoe/.m2/repository/com/google/code/gson/gson/2.9.0/gson-2.9.0.jar:/home/jdoe/.m2/repository/com/vladsch/flexmark/flexmark-all/0.64.0/flexmark-all-0.64.0.jar:/home/jdoe/.m2/repository/com/vladsch/flexmark/flexmark/0.64.0/flexmark-0.64.0.jar:/home/jdoe/.m2/repository/com/vladsch/flexmark/flexmark-ext-abbreviation/0.64.0/flexmark-ext-abbreviation-0.64.0.jar:/home/jdoe/.m2/repository/com/vladsch/flexmark/flexmark-util/0.64.0/flexmark-util-0.64.0.jar:/home/jdoe/.m2/repository/com/vladsch/flexmark/flexmark-ext-admonition/0.64.0/flexmark-ext-admonition-0.64.0.jar:/home/jdoe/.m2/repository/com/vladsch/flexmark/flexmark-ext-anchorlink/0.64.0/flexmark-ext-anchorlink-0.64.0.jar:/home/jdoe/.m2/repository/com/vladsch/flexmark/flexmark-ext-aside/0.64.0/flexmark-ext-aside-0.64.0.jar:/home/jdoe/.m2/repository/com/vladsch/flexmark/flexmark-ext-attributes/0.64.0/flexmark-ext-attributes-0.64.0.jar:/home/jdoe/.m2/repository/com/vladsch/flexmark/flexmark-ext-autolink/0.64.0/flexmark-ext-autolink-0.64.0.jar:/home/jdoe/.m2/repository/org/nibor/autolink/autolink/0.6.0/autolink-0.6.0.jar:/home/jdoe/.m2/repository/com/vladsch/flexmark/flexmark-ext-definition/0.64.0/flexmark-ext-definition-0.64.0.jar:/home/jdoe/.m2/repository/com/vladsch/flexmark/flexmark-ext-emoji/0.64.0/flexmark-ext-emoji-0.64.0.jar:/home/jdoe/.m2/repository/com/vladsch/flexmark/flexmark-ext-enumerated-reference/0.64.0/flexmark-ext-enumerated-reference-0.64.0.jar:/home/jdoe/.m2/repository/com/vladsch/flexmark/flexmark-ext-escaped-character/0.64.0/flexmark-ext-escaped-character-0.64.0.jar:/home/jdoe/.m2/repository/com/vladsch/flexmark/flexmark-ext-footnotes/0.64.0/flexmark-ext-footnotes-0.64.0.jar:/home/jdoe/.m2/repository/com/vladsch/flexmark/flexmark-ext-gfm-issues/0.64.0/flexmark-ext-gfm-issues-0.64.0.jar:/home/jdoe/.m2/repository/com/vladsch/flexmark/flexmark-ext-gfm-strikethrough/0.64.0/flexmark-ext-gfm-strikethrough-0.64.0.jar:/home/jdoe/.m2/repository/com/vladsch/flexmark/flexmark-ext-gfm-tasklist/0.64.0/flexmark-ext-gfm-tasklist-0.64.0.jar:/home/jdoe/.m2/repository/com/vladsch/flexmark/flexmark-ext-gfm-users/0.64.0/flexmark-ext-gfm-users-0.64.0.jar:/home/jdoe/.m2/repository/com/vladsch/flexmark/flexmark-ext-gitlab/0.64.0/flexmark-ext-gitlab-0.64.0.jar:/home/jdoe/.m2/repository/com/vladsch/flexmark/flexmark-ext-jekyll-front-matter/0.64.0/flexmark-ext-jekyll-front-matter-0.64.0.jar:/home/jdoe/.m2/repository/com/vladsch/flexmark/flexmark-ext-jekyll-tag/0.64.0/flexmark-ext-jekyll-tag-0.64.0.jar:/home/jdoe/.m2/repository/com/vladsch/flexmark/flexmark-ext-media-tags/0.64.0/flexmark-ext-media-tags-0.64.0.jar:/home/jdoe/.m2/repository/com/vladsch/flexmark/flexmark-ext-resizable-image/0.64.0/flexmark-ext-resizable-image-0.64.0.jar:/home/jdoe/.m2/repository/com/vladsch/flexmark/flexmark-ext-macros/0.64.0/flexmark-ext-macros-0.64.0.jar:/home/jdoe/.m2/repository/com/vladsch/flexmark/flexmark-ext-ins/0.64.0/flexmark-ext-ins-0.64.0.jar:/home/jdoe/.m2/repository/com/vladsch/flexmark/flexmark-ext-xwiki-macros/0.64.0/flexmark-ext-xwiki-macros-0.64.0.jar:/home/jdoe/.m2/repository/com/vladsch/flexmark/flexmark-ext-superscript/0.64.0/flexmark-ext-superscript-0.64.0.jar:/home/jdoe/.m2/repository/com/vladsch/flexmark/flexmark-ext-tables/0.64.0/flexmark-ext-tables-0.64.0.jar:/home/jdoe/.m2/repository/com/vladsch/flexmark/flexmark-ext-toc/0.64.0/flexmark-ext-toc-0.64.0.jar:/home/jdoe/.m2/repository/com/vladsch/flexmark/flexmark-ext-typographic/0.64.0/flexmark-ext-typographic-0.64.0.jar:/home/jdoe/.m2/repository/com/vladsch/flexmark/flexmark-ext-wikilink/0.64.0/flexmark-ext-wikilink-0.64.0.jar:/home/jdoe/.m2/repository/com/vladsch/flexmark/flexmark-ext-yaml-front-matter/0.64.0/flexmark-ext-yaml-front-matter-0.64.0.jar:/home/jdoe/.m2/repository/com/vladsch/flexmark/flexmark-ext-youtube-embedded/0.64.0/flexmark-ext-youtube-embedded-0.64.0.jar:/home/jdoe/.m2/repository/com/vladsch/flexmark/flexmark-html2md-converter/0.64.0/flexmark-html2md-converter-0.64.0.jar:/home/jdoe/.m2/repository/org/jsoup/jsoup/1.14.3/jsoup-1.14.3.jar:/home/jdoe/.m2/repository/com/vladsch/flexmark/flexmark-jira-converter/0.64.0/flexmark-jira-converter-0.64.0.jar:/home/jdoe/.m2/repository/com/vladsch/flexmark/flexmark-pdf-converter/0.64.0/flexmark-pdf-converter-0.64.0.jar:/home/jdoe/.m2/repository/com/openhtmltopdf/openhtmltopdf-core/1.0.10/openhtmltopdf-core-1.0.10.jar:/home/jdoe/.m2/repository/com/openhtmltopdf/openhtmltopdf-pdfbox/1.0.10/openhtmltopdf-pdfbox-1.0.10.jar:/home/jdoe/.m2/repository/org/apache/pdfbox/pdfbox/2.0.24/pdfbox-2.0.24.jar:/home/jdoe/.m2/repository/org/apache/pdfbox/fontbox/2.0.24/fontbox-2.0.24.jar:/home/jdoe/.m2/repository/commons-logging/commons-logging/1.2/commons-logging-1.2.jar:/home/jdoe/.m2/repository/org/apache/pdfbox/xmpbox/2.0.24/xmpbox-2.0.24.jar:/home/jdoe/.m2/repository/de/rototor/pdfbox/graphics2d/0.32/graphics2d-0.32.jar:/home/jdoe/.m2/repository/com/openhtmltopdf/openhtmltopdf-rtl-support/1.0.10/openhtmltopdf-rtl-support-1.0.10.jar:/home/jdoe/.m2/repository/com/ibm/icu/icu4j/59.1/icu4j-59.1.jar:/home/jdoe/.m2/repository/com/openhtmltopdf/openhtmltopdf-jsoup-dom-converter/1.0.0/openhtmltopdf-jsoup-dom-converter-1.0.0.jar:/home/jdoe/.m2/repository/com/vladsch/flexmark/flexmark-profile-pegdown/0.64.0/flexmark-profile-pegdown-0.64.0.jar:/home/jdoe/.m2/repository/com/vladsch/flexmark/flexmark-util-ast/0.64.0/flexmark-util-ast-0.64.0.jar:/home/jdoe/.m2/repository/org/jetbrains/annotations/15.0/annotations-15.0.jar:/home/jdoe/.m2/repository/com/vladsch/flexmark/flexmark-util-builder/0.64.0/flexmark-util-builder-0.64.0.jar:/home/jdoe/.m2/repository/com/vladsch/flexmark/flexmark-util-collection/0.64.0/flexmark-util-collection-0.64.0.jar:/home/jdoe/.m2/repository/com/vladsch/flexmark/flexmark-util-data/0.64.0/flexmark-util-data-0.64.0.jar:/home/jdoe/.m2/repository/com/vladsch/flexmark/flexmark-util-dependency/0.64.0/flexmark-util-dependency-0.64.0.jar:/home/jdoe/.m2/repository/com/vladsch/flexmark/flexmark-util-format/0.64.0/flexmark-util-format-0.64.0.jar:/home/jdoe/.m2/repository/com/vladsch/flexmark/flexmark-util-html/0.64.0/flexmark-util-html-0.64.0.jar:/home/jdoe/.m2/repository/com/vladsch/flexmark/flexmark-util-misc/0.64.0/flexmark-util-misc-0.64.0.jar:/home/jdoe/.m2/repository/com/vladsch/flexmark/flexmark-util-options/0.64.0/flexmark-util-options-0.64.0.jar:/home/jdoe/.m2/repository/com/vladsch/flexmark/flexmark-util-sequence/0.64.0/flexmark-util-sequence-0.64.0.jar:/home/jdoe/.m2/repository/com/vladsch/flexmark/flexmark-util-visitor/0.64.0/flexmark-util-visitor-0.64.0.jar:/home/jdoe/.m2/repository/com/vladsch/flexmark/flexmark-youtrack-converter/0.64.0/flexmark-youtrack-converter-0.64.0.jar:/home/jdoe/.m2/repository/info/picocli/picocli/4.6.3/picocli-4.6.3.jar:/home/jdoe/.m2/repository/commons-io/commons-io/2.11.0/commons-io-2.11.0.jar:/home/jdoe/.m2/repository/com/diffplug/spotless/spotless-maven-plugin/2.22.0/spotless-maven-plugin-2.22.0.jar:/home/jdoe/.m2/repository/com/diffplug/spotless/spotless-lib/2.24.0/spotless-lib-2.24.0.jar:/home/jdoe/.m2/repository/com/diffplug/spotless/spotless-lib-extra/2.24.0/spotless-lib-extra-2.24.0.jar:/home/jdoe/.m2/repository/com/googlecode/concurrent-trees/concurrent-trees/2.6.1/concurrent-trees-2.6.1.jar:/home/jdoe/.m2/repository/org/codehaus/groovy/groovy-xml/3.0.9/groovy-xml-3.0.9.jar:/home/jdoe/.m2/repository/org/codehaus/groovy/groovy/3.0.9/groovy-3.0.9.jar:/home/jdoe/.m2/repository/com/diffplug/durian/durian-core/1.2.0/durian-core-1.2.0.jar:/home/jdoe/.m2/repository/com/diffplug/durian/durian-collect/1.2.0/durian-collect-1.2.0.jar:/home/jdoe/.m2/repository/org/codehaus/plexus/plexus-resources/1.2.0/plexus-resources-1.2.0.jar:/home/jdoe/.m2/repository/org/codehaus/plexus/plexus-utils/3.4.1/plexus-utils-3.4.1.jar:/home/jdoe/.m2/repository/javax/inject/javax.inject/1/javax.inject-1.jar:/home/jdoe/.m2/repository/org/eclipse/jgit/org.eclipse.jgit/5.13.0.202109080827-r/org.eclipse.jgit-5.13.0.202109080827-r.jar:/home/jdoe/.m2/repository/com/googlecode/javaewah/JavaEWAH/1.1.12/JavaEWAH-1.1.12.jar:/home/jdoe/.m2/repository/com/github/jknack/handlebars/4.3.0/handlebars-4.3.0.jar:"/>
    <property name="sun.cpu.endian" value="little"/>
    <property name="user.home" value="/home/jdoe"/>
    <property name="user.language" value="en"/>
    <property name="java.specification.vendor" value="Oracle Corporation"/>
    <property name="java.version.date" value="2022-04-19"/>
    <property name="project.version" value="1.0-SNAPSHOT"/>
    <property name="java.home" value="/usr/lib/jvm/java-11-openjdk"/>
    <property name="file.separator" value="/"/>
    <property name="basedir" value="/home/jdoe/kDrive/SCHOOL/HEIG/BA4/DIL-B/LABOS/PORTFOLIO/projet-bijelic_coke_mbayo_salhi"/>
    <property name="java.vm.compressedOopsMode" value="Zero based"/>
    <property name="line.separator" value="&#10;"/>
    <property name="java.specification.name" value="Java Platform API Specification"/>
    <property name="java.vm.specification.vendor" value="Oracle Corporation"/>
    <property name="java.awt.graphicsenv" value="sun.awt.X11GraphicsEnvironment"/>
    <property name="surefire.real.class.path" value="/home/jdoe/kDrive/SCHOOL/HEIG/BA4/DIL-B/LABOS/PORTFOLIO/projet-bijelic_coke_mbayo_salhi/target/surefire/surefirebooter385108804214068943.jar"/>
    <property name="sun.management.compiler" value="HotSpot 64-Bit Tiered Compilers"/>
    <property name="java.runtime.version" value="11.0.15+10"/>
    <property name="user.name" value="jdoe"/>
    <property name="path.separator" value=":"/>
    <property name="os.version" value="5.15.38-1-MANJARO"/>
    <property name="java.runtime.name" value="OpenJDK Runtime Environment"/>
    <property name="file.encoding" value="UTF-8"/>
    <property name="java.vm.name" value="OpenJDK 64-Bit Server VM"/>
    <property name="localRepository" value="/home/jdoe/.m2/repository"/>
    <property name="java.vendor.url.bug" value="https://bugreport.java.com/bugreport/"/>
    <property name="java.io.tmpdir" value="/tmp"/>
    <property name="java.version" value="11.0.15"/>
    <property name="user.dir" value="/home/jdoe/kDrive/SCHOOL/HEIG/BA4/DIL-B/LABOS/PORTFOLIO/projet-bijelic_coke_mbayo_salhi"/>
    <property name="os.arch" value="amd64"/>
    <property name="java.vm.specification.name" value="Java Virtual Machine Specification"/>
    <property name="java.awt.printerjob" value="sun.print.PSPrinterJob"/>
    <property name="sun.os.patch.level" value="unknown"/>
    <property name="java.library.path" value="/usr/java/packages/lib:/usr/lib64:/lib64:/lib:/usr/lib"/>
    <property name="java.vm.info" value="mixed mode"/>
    <property name="java.vendor" value="Oracle Corporation"/>
    <property name="java.vm.version" value="11.0.15+10"/>
    <property name="sun.io.unicode.encoding" value="UnicodeLittle"/>
    <property name="java.class.version" value="55.0"/>
  </properties>
  <testcase name="parserShouldParseJsonStringCorrectly" classname="ch.heigvd.app.utils.JsonConverterTest" time="0.012"/>
</testsuite>